{"E:\\nodejs\\node-graphql\\app.ts": {"path":"E:\\nodejs\\node-graphql\\app.ts","statementMap":{"0":{"start":{"line":1,"column":0},"end":{"line":1,"column":29}},"1":{"start":{"line":2,"column":15},"end":{"line":2,"column":32}},"2":{"start":{"line":3,"column":24},"end":{"line":3,"column":43}},"3":{"start":{"line":5,"column":0},"end":{"line":5,"column":null}},"4":{"start":{"line":7,"column":0},"end":{"line":7,"column":null}},"5":{"start":{"line":9,"column":12},"end":{"line":9,"column":21}},"6":{"start":{"line":11,"column":0},"end":{"line":11,"column":null}},"7":{"start":{"line":13,"column":0},"end":{"line":15,"column":null}},"8":{"start":{"line":14,"column":4},"end":{"line":14,"column":null}},"9":{"start":{"line":17,"column":0},"end":{"line":17,"column":null}}},"fnMap":{"0":{"name":"(anonymous_1)","decl":{"start":{"line":13,"column":36},"end":{"line":13,"column":39}},"loc":{"start":{"line":13,"column":41},"end":{"line":15,"column":1}}}},"branchMap":{},"s":{"0":1,"1":1,"2":1,"3":1,"4":1,"5":1,"6":1,"7":1,"8":1,"9":1},"f":{"0":1},"b":{}}
,"E:\\nodejs\\node-graphql\\src\\controller\\index.ts": {"path":"E:\\nodejs\\node-graphql\\src\\controller\\index.ts","statementMap":{"0":{"start":{"line":1,"column":16},"end":{"line":1,"column":44}},"1":{"start":{"line":2,"column":14},"end":{"line":2,"column":40}},"2":{"start":{"line":4,"column":0},"end":{"line":34,"column":null}},"3":{"start":{"line":5,"column":52},"end":{"line":11,"column":null}},"4":{"start":{"line":6,"column":39},"end":{"line":6,"column":48}},"5":{"start":{"line":7,"column":8},"end":{"line":10,"column":null}},"6":{"start":{"line":8,"column":12},"end":{"line":8,"column":null}},"7":{"start":{"line":10,"column":12},"end":{"line":10,"column":null}},"8":{"start":{"line":12,"column":50},"end":{"line":17,"column":null}},"9":{"start":{"line":13,"column":25},"end":{"line":15,"column":10}},"10":{"start":{"line":16,"column":8},"end":{"line":16,"column":null}},"11":{"start":{"line":18,"column":52},"end":{"line":21,"column":null}},"12":{"start":{"line":19,"column":25},"end":{"line":19,"column":45}},"13":{"start":{"line":20,"column":8},"end":{"line":20,"column":null}},"14":{"start":{"line":22,"column":49},"end":{"line":27,"column":null}},"15":{"start":{"line":23,"column":20},"end":{"line":25,"column":10}},"16":{"start":{"line":24,"column":12},"end":{"line":24,"column":null}},"17":{"start":{"line":26,"column":8},"end":{"line":26,"column":null}},"18":{"start":{"line":28,"column":51},"end":{"line":33,"column":null}},"19":{"start":{"line":29,"column":20},"end":{"line":31,"column":10}},"20":{"start":{"line":30,"column":12},"end":{"line":30,"column":null}},"21":{"start":{"line":32,"column":8},"end":{"line":32,"column":null}}},"fnMap":{"0":{"name":"(anonymous_7)","decl":{"start":{"line":5,"column":12},"end":{"line":5,"column":19}},"loc":{"start":{"line":5,"column":52},"end":{"line":11,"column":null}}},"1":{"name":"(anonymous_8)","decl":{"start":{"line":5,"column":52},"end":{"line":5,"column":null}},"loc":{"start":{"line":5,"column":52},"end":{"line":11,"column":5}}},"2":{"name":"(anonymous_9)","decl":{"start":{"line":12,"column":10},"end":{"line":12,"column":17}},"loc":{"start":{"line":12,"column":50},"end":{"line":17,"column":null}}},"3":{"name":"(anonymous_10)","decl":{"start":{"line":12,"column":50},"end":{"line":12,"column":null}},"loc":{"start":{"line":12,"column":50},"end":{"line":17,"column":5}}},"4":{"name":"(anonymous_11)","decl":{"start":{"line":18,"column":12},"end":{"line":18,"column":19}},"loc":{"start":{"line":18,"column":52},"end":{"line":21,"column":null}}},"5":{"name":"(anonymous_12)","decl":{"start":{"line":18,"column":52},"end":{"line":18,"column":null}},"loc":{"start":{"line":18,"column":52},"end":{"line":21,"column":5}}},"6":{"name":"(anonymous_13)","decl":{"start":{"line":22,"column":9},"end":{"line":22,"column":16}},"loc":{"start":{"line":22,"column":49},"end":{"line":27,"column":null}}},"7":{"name":"(anonymous_14)","decl":{"start":{"line":22,"column":49},"end":{"line":22,"column":null}},"loc":{"start":{"line":22,"column":49},"end":{"line":27,"column":5}}},"8":{"name":"(anonymous_15)","decl":{"start":{"line":23,"column":63},"end":{"line":23,"column":64}},"loc":{"start":{"line":23,"column":87},"end":{"line":25,"column":9}}},"9":{"name":"(anonymous_16)","decl":{"start":{"line":28,"column":11},"end":{"line":28,"column":18}},"loc":{"start":{"line":28,"column":51},"end":{"line":33,"column":null}}},"10":{"name":"(anonymous_17)","decl":{"start":{"line":28,"column":51},"end":{"line":28,"column":null}},"loc":{"start":{"line":28,"column":51},"end":{"line":33,"column":5}}},"11":{"name":"(anonymous_18)","decl":{"start":{"line":29,"column":61},"end":{"line":29,"column":62}},"loc":{"start":{"line":29,"column":85},"end":{"line":31,"column":9}}}},"branchMap":{"0":{"loc":{"start":{"line":7,"column":8},"end":{"line":10,"column":null}},"type":"if","locations":[{"start":{"line":7,"column":8},"end":{"line":10,"column":null}},{"start":{"line":10,"column":12},"end":{"line":10,"column":null}}]},"1":{"loc":{"start":{"line":24,"column":12},"end":{"line":24,"column":56}},"type":"cond-expr","locations":[{"start":{"line":24,"column":18},"end":{"line":24,"column":36}},{"start":{"line":24,"column":39},"end":{"line":24,"column":56}}]},"2":{"loc":{"start":{"line":30,"column":12},"end":{"line":30,"column":56}},"type":"cond-expr","locations":[{"start":{"line":30,"column":18},"end":{"line":30,"column":36}},{"start":{"line":30,"column":39},"end":{"line":30,"column":56}}]}},"s":{"0":1,"1":1,"2":1,"3":0,"4":0,"5":0,"6":0,"7":0,"8":0,"9":0,"10":0,"11":0,"12":0,"13":0,"14":0,"15":0,"16":0,"17":0,"18":0,"19":0,"20":0,"21":0},"f":{"0":0,"1":0,"2":0,"3":0,"4":0,"5":0,"6":0,"7":0,"8":0,"9":0,"10":0,"11":0},"b":{"0":[0,0],"1":[0,0],"2":[0,0]}}
,"E:\\nodejs\\node-graphql\\src\\db\\index.ts": {"path":"E:\\nodejs\\node-graphql\\src\\db\\index.ts","statementMap":{"0":{"start":{"line":1,"column":17},"end":{"line":1,"column":36}},"1":{"start":{"line":4,"column":24},"end":{"line":13,"column":1}},"2":{"start":{"line":5,"column":4},"end":{"line":12,"column":null}},"3":{"start":{"line":9,"column":8},"end":{"line":9,"column":null}},"4":{"start":{"line":11,"column":8},"end":{"line":11,"column":null}},"5":{"start":{"line":15,"column":0},"end":{"line":15,"column":null}}},"fnMap":{"0":{"name":"(anonymous_0)","decl":{"start":{"line":4,"column":24},"end":{"line":4,"column":27}},"loc":{"start":{"line":4,"column":29},"end":{"line":13,"column":1}}},"1":{"name":"(anonymous_1)","decl":{"start":{"line":8,"column":12},"end":{"line":8,"column":15}},"loc":{"start":{"line":8,"column":17},"end":{"line":10,"column":5}}},"2":{"name":"(anonymous_2)","decl":{"start":{"line":10,"column":13},"end":{"line":10,"column":14}},"loc":{"start":{"line":10,"column":28},"end":{"line":12,"column":5}}}},"branchMap":{},"s":{"0":1,"1":1,"2":1,"3":1,"4":0,"5":1},"f":{"0":1,"1":1,"2":0},"b":{}}
,"E:\\nodejs\\node-graphql\\src\\models\\Order.ts": {"path":"E:\\nodejs\\node-graphql\\src\\models\\Order.ts","statementMap":{"0":{"start":{"line":1,"column":0},"end":{"line":1,"column":31}},"1":{"start":{"line":3,"column":20},"end":{"line":16,"column":null}},"2":{"start":{"line":19,"column":0},"end":{"line":19,"column":null}}},"fnMap":{},"branchMap":{},"s":{"0":1,"1":1,"2":1},"f":{},"b":{}}
,"E:\\nodejs\\node-graphql\\src\\models\\Product.ts": {"path":"E:\\nodejs\\node-graphql\\src\\models\\Product.ts","statementMap":{"0":{"start":{"line":1,"column":0},"end":{"line":1,"column":31}},"1":{"start":{"line":3,"column":22},"end":{"line":13,"column":null}},"2":{"start":{"line":16,"column":0},"end":{"line":16,"column":null}}},"fnMap":{},"branchMap":{},"s":{"0":1,"1":1,"2":1},"f":{},"b":{}}
,"E:\\nodejs\\node-graphql\\src\\routes\\index.ts": {"path":"E:\\nodejs\\node-graphql\\src\\routes\\index.ts","statementMap":{"0":{"start":{"line":2,"column":0},"end":{"line":2,"column":41}},"1":{"start":{"line":3,"column":26},"end":{"line":3,"column":50}},"2":{"start":{"line":5,"column":15},"end":{"line":5,"column":23}},"3":{"start":{"line":7,"column":0},"end":{"line":7,"column":null}},"4":{"start":{"line":8,"column":0},"end":{"line":8,"column":null}},"5":{"start":{"line":9,"column":0},"end":{"line":9,"column":null}},"6":{"start":{"line":11,"column":0},"end":{"line":11,"column":null}},"7":{"start":{"line":13,"column":0},"end":{"line":13,"column":null}}},"fnMap":{},"branchMap":{},"s":{"0":1,"1":1,"2":1,"3":1,"4":1,"5":1,"6":1,"7":1},"f":{},"b":{}}
}
